D:\INFORMATIKSTUDIUM\SEMESTER5WS1415TEC\COMPILADORES\FINALPROJECT\SIFUSCRIPT\SIFUSCRIPT\DEBUG\VC110.PDB
D:\INFORMATIKSTUDIUM\SEMESTER5WS1415TEC\COMPILADORES\FINALPROJECT\SIFUSCRIPT\GITHUB\SIFUSCRIPT\SIFUC\VISUALSTUDIOFILES\SIFUSCRIPT\SIFUSCRIPT\DEBUG\DRIVER.OBJ
D:\INFORMATIKSTUDIUM\SEMESTER5WS1415TEC\COMPILADORES\FINALPROJECT\SIFUSCRIPT\GITHUB\SIFUSCRIPT\SIFUC\VISUALSTUDIOFILES\SIFUSCRIPT\SIFUSCRIPT\DEBUG\CONTEXT.OBJ
D:\INFORMATIKSTUDIUM\SEMESTER5WS1415TEC\COMPILADORES\FINALPROJECT\SIFUSCRIPT\GITHUB\SIFUSCRIPT\SIFUC\VISUALSTUDIOFILES\SIFUSCRIPT\SIFUSCRIPT\DEBUG\EXPRESSION.OBJ
D:\INFORMATIKSTUDIUM\SEMESTER5WS1415TEC\COMPILADORES\FINALPROJECT\SIFUSCRIPT\GITHUB\SIFUSCRIPT\SIFUC\VISUALSTUDIOFILES\SIFUSCRIPT\SIFUSCRIPT\DEBUG\GRAMATICA.OBJ
D:\INFORMATIKSTUDIUM\SEMESTER5WS1415TEC\COMPILADORES\FINALPROJECT\SIFUSCRIPT\GITHUB\SIFUSCRIPT\SIFUC\VISUALSTUDIOFILES\SIFUSCRIPT\SIFUSCRIPT\DEBUG\MAIN.OBJ
D:\INFORMATIKSTUDIUM\SEMESTER5WS1415TEC\COMPILADORES\FINALPROJECT\SIFUSCRIPT\GITHUB\SIFUSCRIPT\SIFUC\VISUALSTUDIOFILES\SIFUSCRIPT\SIFUSCRIPT\DEBUG\MEMMANAGER.OBJ
D:\INFORMATIKSTUDIUM\SEMESTER5WS1415TEC\COMPILADORES\FINALPROJECT\SIFUSCRIPT\GITHUB\SIFUSCRIPT\SIFUC\VISUALSTUDIOFILES\SIFUSCRIPT\SIFUSCRIPT\DEBUG\MEMORY.OBJ
D:\INFORMATIKSTUDIUM\SEMESTER5WS1415TEC\COMPILADORES\FINALPROJECT\SIFUSCRIPT\GITHUB\SIFUSCRIPT\SIFUC\VISUALSTUDIOFILES\SIFUSCRIPT\SIFUSCRIPT\DEBUG\FUNCTION.OBJ
D:\INFORMATIKSTUDIUM\SEMESTER5WS1415TEC\COMPILADORES\FINALPROJECT\SIFUSCRIPT\GITHUB\SIFUSCRIPT\SIFUC\VISUALSTUDIOFILES\SIFUSCRIPT\SIFUSCRIPT\DEBUG\VAR.OBJ
D:\INFORMATIKSTUDIUM\SEMESTER5WS1415TEC\COMPILADORES\FINALPROJECT\SIFUSCRIPT\GITHUB\SIFUSCRIPT\SIFUC\VISUALSTUDIOFILES\SIFUSCRIPT\SIFUSCRIPT\DEBUG\PROGRAM.OBJ
D:\INFORMATIKSTUDIUM\SEMESTER5WS1415TEC\COMPILADORES\FINALPROJECT\SIFUSCRIPT\GITHUB\SIFUSCRIPT\SIFUC\VISUALSTUDIOFILES\SIFUSCRIPT\SIFUSCRIPT\DEBUG\STATEMENT.OBJ
D:\INFORMATIKSTUDIUM\SEMESTER5WS1415TEC\COMPILADORES\FINALPROJECT\SIFUSCRIPT\GITHUB\SIFUSCRIPT\SIFUC\VISUALSTUDIOFILES\SIFUSCRIPT\SIFUSCRIPT\DEBUG\VC110.PDB
D:\INFORMATIKSTUDIUM\SEMESTER5WS1415TEC\COMPILADORES\FINALPROJECT\SIFUSCRIPT\GITHUB\SIFUSCRIPT\SIFUC\VISUALSTUDIOFILES\SIFUSCRIPT\SIFUSCRIPT\DEBUG\TOKENS.OBJ
D:\INFORMATIKSTUDIUM\SEMESTER5WS1415TEC\COMPILADORES\FINALPROJECT\SIFUSCRIPT\SIFUSCRIPT\GRAMATICA.H,GRAMATICA.C,TOKENS.C
D:\INFORMATIKSTUDIUM\SEMESTER5WS1415TEC\COMPILADORES\FINALPROJECT\SIFUSCRIPT\GITHUB\SIFUSCRIPT\SIFUC\VISUALSTUDIOFILES\SIFUSCRIPT\SIFUSCRIPT\GRAMATICA.H,GRAMATICA.C,TOKENS.C
D:\INFORMATIKSTUDIUM\SEMESTER5WS1415TEC\COMPILADORES\FINALPROJECT\SIFUSCRIPT\DEBUG\SIFUSCRIPT.ILK
D:\INFORMATIKSTUDIUM\SEMESTER5WS1415TEC\COMPILADORES\FINALPROJECT\SIFUSCRIPT\DEBUG\SIFUSCRIPT.EXE
D:\INFORMATIKSTUDIUM\SEMESTER5WS1415TEC\COMPILADORES\FINALPROJECT\SIFUSCRIPT\DEBUG\SIFUSCRIPT.PDB
D:\INFORMATIKSTUDIUM\SEMESTER5WS1415TEC\COMPILADORES\FINALPROJECT\SIFUSCRIPT\GITHUB\SIFUSCRIPT\SIFUC\VISUALSTUDIOFILES\SIFUSCRIPT\DEBUG\SIFUSCRIPT.ILK
D:\INFORMATIKSTUDIUM\SEMESTER5WS1415TEC\COMPILADORES\FINALPROJECT\SIFUSCRIPT\GITHUB\SIFUSCRIPT\SIFUC\VISUALSTUDIOFILES\SIFUSCRIPT\DEBUG\SIFUSCRIPT.EXE
D:\INFORMATIKSTUDIUM\SEMESTER5WS1415TEC\COMPILADORES\FINALPROJECT\SIFUSCRIPT\GITHUB\SIFUSCRIPT\SIFUC\VISUALSTUDIOFILES\SIFUSCRIPT\DEBUG\SIFUSCRIPT.PDB
D:\Informatikstudium\Semester5WS1415TEC\Compiladores\FinalProject\Sifuscript\GitHub\sifuscript\sifuc\VisualStudioFiles\Sifuscript\Sifuscript\Debug\Context.obj
D:\Informatikstudium\Semester5WS1415TEC\Compiladores\FinalProject\Sifuscript\GitHub\sifuscript\sifuc\VisualStudioFiles\Sifuscript\Sifuscript\Debug\Driver.obj
D:\Informatikstudium\Semester5WS1415TEC\Compiladores\FinalProject\Sifuscript\GitHub\sifuscript\sifuc\VisualStudioFiles\Sifuscript\Sifuscript\Debug\Expression.obj
D:\Informatikstudium\Semester5WS1415TEC\Compiladores\FinalProject\Sifuscript\GitHub\sifuscript\sifuc\VisualStudioFiles\Sifuscript\Sifuscript\Debug\Function.obj
D:\Informatikstudium\Semester5WS1415TEC\Compiladores\FinalProject\Sifuscript\GitHub\sifuscript\sifuc\VisualStudioFiles\Sifuscript\Sifuscript\Debug\gramatica.obj
D:\Informatikstudium\Semester5WS1415TEC\Compiladores\FinalProject\Sifuscript\GitHub\sifuscript\sifuc\VisualStudioFiles\Sifuscript\Sifuscript\Debug\main.obj
D:\Informatikstudium\Semester5WS1415TEC\Compiladores\FinalProject\Sifuscript\GitHub\sifuscript\sifuc\VisualStudioFiles\Sifuscript\Sifuscript\Debug\MemManager.obj
D:\Informatikstudium\Semester5WS1415TEC\Compiladores\FinalProject\Sifuscript\GitHub\sifuscript\sifuc\VisualStudioFiles\Sifuscript\Sifuscript\Debug\Memory.obj
D:\Informatikstudium\Semester5WS1415TEC\Compiladores\FinalProject\Sifuscript\GitHub\sifuscript\sifuc\VisualStudioFiles\Sifuscript\Sifuscript\Debug\Program.obj
D:\Informatikstudium\Semester5WS1415TEC\Compiladores\FinalProject\Sifuscript\GitHub\sifuscript\sifuc\VisualStudioFiles\Sifuscript\Sifuscript\Debug\Statement.obj
D:\Informatikstudium\Semester5WS1415TEC\Compiladores\FinalProject\Sifuscript\GitHub\sifuscript\sifuc\VisualStudioFiles\Sifuscript\Sifuscript\Debug\tokens.obj
D:\Informatikstudium\Semester5WS1415TEC\Compiladores\FinalProject\Sifuscript\GitHub\sifuscript\sifuc\VisualStudioFiles\Sifuscript\Sifuscript\Debug\Var.obj
D:\Informatikstudium\Semester5WS1415TEC\Compiladores\FinalProject\Sifuscript\GitHub\sifuscript\sifuc\VisualStudioFiles\Sifuscript\Sifuscript\Debug\cl.command.1.tlog
D:\Informatikstudium\Semester5WS1415TEC\Compiladores\FinalProject\Sifuscript\GitHub\sifuscript\sifuc\VisualStudioFiles\Sifuscript\Sifuscript\Debug\CL.read.1.tlog
D:\Informatikstudium\Semester5WS1415TEC\Compiladores\FinalProject\Sifuscript\GitHub\sifuscript\sifuc\VisualStudioFiles\Sifuscript\Sifuscript\Debug\CL.write.1.tlog
D:\Informatikstudium\Semester5WS1415TEC\Compiladores\FinalProject\Sifuscript\GitHub\sifuscript\sifuc\VisualStudioFiles\Sifuscript\Sifuscript\Debug\custombuild.command.1.tlog
D:\Informatikstudium\Semester5WS1415TEC\Compiladores\FinalProject\Sifuscript\GitHub\sifuscript\sifuc\VisualStudioFiles\Sifuscript\Sifuscript\Debug\custombuild.read.1.tlog
D:\Informatikstudium\Semester5WS1415TEC\Compiladores\FinalProject\Sifuscript\GitHub\sifuscript\sifuc\VisualStudioFiles\Sifuscript\Sifuscript\Debug\custombuild.write.1.tlog
D:\Informatikstudium\Semester5WS1415TEC\Compiladores\FinalProject\Sifuscript\GitHub\sifuscript\sifuc\VisualStudioFiles\Sifuscript\Sifuscript\Debug\link-cvtres.read.1.tlog
D:\Informatikstudium\Semester5WS1415TEC\Compiladores\FinalProject\Sifuscript\GitHub\sifuscript\sifuc\VisualStudioFiles\Sifuscript\Sifuscript\Debug\link-cvtres.write.1.tlog
D:\Informatikstudium\Semester5WS1415TEC\Compiladores\FinalProject\Sifuscript\GitHub\sifuscript\sifuc\VisualStudioFiles\Sifuscript\Sifuscript\Debug\link-rc.read.1.tlog
D:\Informatikstudium\Semester5WS1415TEC\Compiladores\FinalProject\Sifuscript\GitHub\sifuscript\sifuc\VisualStudioFiles\Sifuscript\Sifuscript\Debug\link-rc.write.1.tlog
D:\Informatikstudium\Semester5WS1415TEC\Compiladores\FinalProject\Sifuscript\GitHub\sifuscript\sifuc\VisualStudioFiles\Sifuscript\Sifuscript\Debug\link.command.1.tlog
D:\Informatikstudium\Semester5WS1415TEC\Compiladores\FinalProject\Sifuscript\GitHub\sifuscript\sifuc\VisualStudioFiles\Sifuscript\Sifuscript\Debug\link.read.1.tlog
D:\Informatikstudium\Semester5WS1415TEC\Compiladores\FinalProject\Sifuscript\GitHub\sifuscript\sifuc\VisualStudioFiles\Sifuscript\Sifuscript\Debug\link.write.1.tlog
D:\Informatikstudium\Semester5WS1415TEC\Compiladores\FinalProject\Sifuscript\GitHub\sifuscript\sifuc\VisualStudioFiles\Sifuscript\Sifuscript\Debug\vc110.idb
D:\Informatikstudium\Semester5WS1415TEC\Compiladores\FinalProject\Sifuscript\GitHub\sifuscript\sifuc\VisualStudioFiles\Sifuscript\Sifuscript\Debug\vc110.pdb
D:\Informatikstudium\Semester5WS1415TEC\Compiladores\FinalProject\Sifuscript\GitHub\sifuscript\sifuc\VisualStudioFiles\Sifuscript\Debug\Sifuscript.pdb
D:\Informatikstudium\Semester5WS1415TEC\Compiladores\FinalProject\Sifuscript\GitHub\sifuscript\sifuc\VisualStudioFiles\Sifuscript\Debug\Sifuscript.exe
D:\Informatikstudium\Semester5WS1415TEC\Compiladores\FinalProject\Sifuscript\GitHub\sifuscript\sifuc\VisualStudioFiles\Sifuscript\Debug\Sifuscript.ilk
