D:\INFORMATIKSTUDIUM\SEMESTER5WS1415TEC\COMPILADORES\FINALPROJECT\SIFUSCRIPT\GITHUB\SIFUSCRIPT\JENSVM\VISUALSTUDIOFILES\JENSVM\JENSVM\DEBUG\COMMAND_PARSER.OBJ
D:\INFORMATIKSTUDIUM\SEMESTER5WS1415TEC\COMPILADORES\FINALPROJECT\SIFUSCRIPT\GITHUB\SIFUSCRIPT\JENSVM\VISUALSTUDIOFILES\JENSVM\JENSVM\DEBUG\MAIN.OBJ
D:\INFORMATIKSTUDIUM\SEMESTER5WS1415TEC\COMPILADORES\FINALPROJECT\SIFUSCRIPT\GITHUB\SIFUSCRIPT\JENSVM\VISUALSTUDIOFILES\JENSVM\JENSVM\DEBUG\MEMORY.OBJ
D:\INFORMATIKSTUDIUM\SEMESTER5WS1415TEC\COMPILADORES\FINALPROJECT\SIFUSCRIPT\GITHUB\SIFUSCRIPT\JENSVM\VISUALSTUDIOFILES\JENSVM\JENSVM\DEBUG\VC110.PDB
D:\INFORMATIKSTUDIUM\SEMESTER5WS1415TEC\COMPILADORES\FINALPROJECT\SIFUSCRIPT\GITHUB\SIFUSCRIPT\JENSVM\VISUALSTUDIOFILES\JENSVM\JENSVM\DEBUG\DRIVER.OBJ
D:\INFORMATIKSTUDIUM\SEMESTER5WS1415TEC\COMPILADORES\FINALPROJECT\SIFUSCRIPT\GITHUB\SIFUSCRIPT\JENSVM\VISUALSTUDIOFILES\JENSVM\DEBUG\JENSVM.ILK
D:\INFORMATIKSTUDIUM\SEMESTER5WS1415TEC\COMPILADORES\FINALPROJECT\SIFUSCRIPT\GITHUB\SIFUSCRIPT\JENSVM\VISUALSTUDIOFILES\JENSVM\DEBUG\JENSVM.EXE
D:\INFORMATIKSTUDIUM\SEMESTER5WS1415TEC\COMPILADORES\FINALPROJECT\SIFUSCRIPT\GITHUB\SIFUSCRIPT\JENSVM\VISUALSTUDIOFILES\JENSVM\DEBUG\JENSVM.PDB
D:\Informatikstudium\Semester5WS1415TEC\Compiladores\FinalProject\Sifuscript\GitHub\sifuscript\jensvm\VisualStudioFiles\JensVM\JensVM\Debug\Command_Parser.obj
D:\Informatikstudium\Semester5WS1415TEC\Compiladores\FinalProject\Sifuscript\GitHub\sifuscript\jensvm\VisualStudioFiles\JensVM\JensVM\Debug\Driver.obj
D:\Informatikstudium\Semester5WS1415TEC\Compiladores\FinalProject\Sifuscript\GitHub\sifuscript\jensvm\VisualStudioFiles\JensVM\JensVM\Debug\main.obj
D:\Informatikstudium\Semester5WS1415TEC\Compiladores\FinalProject\Sifuscript\GitHub\sifuscript\jensvm\VisualStudioFiles\JensVM\JensVM\Debug\Memory.obj
D:\Informatikstudium\Semester5WS1415TEC\Compiladores\FinalProject\Sifuscript\GitHub\sifuscript\jensvm\VisualStudioFiles\JensVM\JensVM\Debug\cl.command.1.tlog
D:\Informatikstudium\Semester5WS1415TEC\Compiladores\FinalProject\Sifuscript\GitHub\sifuscript\jensvm\VisualStudioFiles\JensVM\JensVM\Debug\CL.read.1.tlog
D:\Informatikstudium\Semester5WS1415TEC\Compiladores\FinalProject\Sifuscript\GitHub\sifuscript\jensvm\VisualStudioFiles\JensVM\JensVM\Debug\CL.write.1.tlog
D:\Informatikstudium\Semester5WS1415TEC\Compiladores\FinalProject\Sifuscript\GitHub\sifuscript\jensvm\VisualStudioFiles\JensVM\JensVM\Debug\link-cvtres.read.1.tlog
D:\Informatikstudium\Semester5WS1415TEC\Compiladores\FinalProject\Sifuscript\GitHub\sifuscript\jensvm\VisualStudioFiles\JensVM\JensVM\Debug\link-cvtres.write.1.tlog
D:\Informatikstudium\Semester5WS1415TEC\Compiladores\FinalProject\Sifuscript\GitHub\sifuscript\jensvm\VisualStudioFiles\JensVM\JensVM\Debug\link-rc.read.1.tlog
D:\Informatikstudium\Semester5WS1415TEC\Compiladores\FinalProject\Sifuscript\GitHub\sifuscript\jensvm\VisualStudioFiles\JensVM\JensVM\Debug\link-rc.write.1.tlog
D:\Informatikstudium\Semester5WS1415TEC\Compiladores\FinalProject\Sifuscript\GitHub\sifuscript\jensvm\VisualStudioFiles\JensVM\JensVM\Debug\link.5988-cvtres.read.1.tlog
D:\Informatikstudium\Semester5WS1415TEC\Compiladores\FinalProject\Sifuscript\GitHub\sifuscript\jensvm\VisualStudioFiles\JensVM\JensVM\Debug\link.5988-cvtres.write.1.tlog
D:\Informatikstudium\Semester5WS1415TEC\Compiladores\FinalProject\Sifuscript\GitHub\sifuscript\jensvm\VisualStudioFiles\JensVM\JensVM\Debug\link.5988-rc.read.1.tlog
D:\Informatikstudium\Semester5WS1415TEC\Compiladores\FinalProject\Sifuscript\GitHub\sifuscript\jensvm\VisualStudioFiles\JensVM\JensVM\Debug\link.5988-rc.write.1.tlog
D:\Informatikstudium\Semester5WS1415TEC\Compiladores\FinalProject\Sifuscript\GitHub\sifuscript\jensvm\VisualStudioFiles\JensVM\JensVM\Debug\link.5988.read.1.tlog
D:\Informatikstudium\Semester5WS1415TEC\Compiladores\FinalProject\Sifuscript\GitHub\sifuscript\jensvm\VisualStudioFiles\JensVM\JensVM\Debug\link.5988.write.1.tlog
D:\Informatikstudium\Semester5WS1415TEC\Compiladores\FinalProject\Sifuscript\GitHub\sifuscript\jensvm\VisualStudioFiles\JensVM\JensVM\Debug\link.command.1.tlog
D:\Informatikstudium\Semester5WS1415TEC\Compiladores\FinalProject\Sifuscript\GitHub\sifuscript\jensvm\VisualStudioFiles\JensVM\JensVM\Debug\link.read.1.tlog
D:\Informatikstudium\Semester5WS1415TEC\Compiladores\FinalProject\Sifuscript\GitHub\sifuscript\jensvm\VisualStudioFiles\JensVM\JensVM\Debug\link.write.1.tlog
D:\Informatikstudium\Semester5WS1415TEC\Compiladores\FinalProject\Sifuscript\GitHub\sifuscript\jensvm\VisualStudioFiles\JensVM\JensVM\Debug\vc110.idb
D:\Informatikstudium\Semester5WS1415TEC\Compiladores\FinalProject\Sifuscript\GitHub\sifuscript\jensvm\VisualStudioFiles\JensVM\JensVM\Debug\vc110.pdb
D:\Informatikstudium\Semester5WS1415TEC\Compiladores\FinalProject\Sifuscript\GitHub\sifuscript\jensvm\VisualStudioFiles\JensVM\Debug\JensVM.pdb
D:\Informatikstudium\Semester5WS1415TEC\Compiladores\FinalProject\Sifuscript\GitHub\sifuscript\jensvm\VisualStudioFiles\JensVM\Debug\JensVM.exe
D:\Informatikstudium\Semester5WS1415TEC\Compiladores\FinalProject\Sifuscript\GitHub\sifuscript\jensvm\VisualStudioFiles\JensVM\Debug\JensVM.ilk
